<?xml version="1.0" encoding="UTF-8"?>
<testng-results ignored="1" total="4" passed="3" failed="0" skipped="0">
  <reporter-output>
  </reporter-output>
  <suite started-at="2022-09-24T19:27:59 IST" name="Suite" finished-at="2022-09-24T19:27:59 IST" duration-ms="140">
    <groups>
    </groups>
    <test started-at="2022-09-24T19:27:59 IST" name="Test" finished-at="2022-09-24T19:27:59 IST" duration-ms="140">
      <class name="TrialPackage.Folder_1">
        <test-method signature="classA(java.lang.String)[pri:0, instance:TrialPackage.Folder_1@771a660]" started-at="2022-09-24T19:27:59 IST" name="classA" data-provider="dataSet" finished-at="2022-09-24T19:27:59 IST" duration-ms="53" status="PASS">
          <params>
            <param index="0">
              <value>
                <![CDATA[data00]]>
              </value>
            </param>
          </params>
          <reporter-output>
          </reporter-output>
        </test-method> <!-- classA -->
        <test-method signature="classA(java.lang.String)[pri:0, instance:TrialPackage.Folder_1@771a660]" started-at="2022-09-24T19:27:59 IST" name="classA" data-provider="dataSet" finished-at="2022-09-24T19:27:59 IST" duration-ms="3" status="PASS">
          <params>
            <param index="0">
              <value>
                <![CDATA[data10]]>
              </value>
            </param>
          </params>
          <reporter-output>
          </reporter-output>
        </test-method> <!-- classA -->
        <test-method signature="classA(java.lang.String)[pri:0, instance:TrialPackage.Folder_1@771a660]" started-at="2022-09-24T19:27:59 IST" name="classA" data-provider="dataSet" finished-at="2022-09-24T19:27:59 IST" duration-ms="4" status="PASS">
          <params>
            <param index="0">
              <value>
                <![CDATA[data20]]>
              </value>
            </param>
          </params>
          <reporter-output>
          </reporter-output>
        </test-method> <!-- classA -->
      </class> <!-- TrialPackage.Folder_1 -->
    </test> <!-- Test -->
  </suite> <!-- Suite -->
</testng-results>
