<?xml version="1.0" encoding="UTF-8"?>
<!-- Generated by org.testng.reporters.JUnitXMLReporter -->
<testsuite ignored="1" hostname="LAPTOP-KA4DGM33" failures="0" tests="3" name="Test" time="0.14" errors="0" timestamp="2022-09-24T19:27:59 IST">
  <testcase classname="TrialPackage.Folder_1" name="classA" time="0.053"/>
  <testcase classname="TrialPackage.Folder_1" name="classA" time="0.003"/>
  <testcase classname="TrialPackage.Folder_1" name="classA" time="0.004"/>
  <testcase classname="TrialPackage.Folder_2" name="classB" time="0.0">
    <ignored/>
  </testcase> <!-- classB -->
</testsuite> <!-- Test -->
