<?xml version="1.0" encoding="UTF-8"?>
<testng-results ignored="0" total="6" passed="6" failed="0" skipped="0">
  <reporter-output>
  </reporter-output>
  <suite started-at="2022-04-05T13:36:00 IST" name="Command line suite" finished-at="2022-04-05T13:36:00 IST" duration-ms="223">
    <groups>
    </groups>
    <test started-at="2022-04-05T13:36:00 IST" name="Command line test" finished-at="2022-04-05T13:36:00 IST" duration-ms="223">
      <class name="learnnew.mavenjava._2_RestAPITest">
        <test-method signature="browser()[pri:0, instance:learnnew.mavenjava._2_RestAPITest@7364985f]" started-at="2022-04-05T13:36:00 IST" name="browser" finished-at="2022-04-05T13:36:00 IST" duration-ms="2" status="PASS">
          <reporter-output>
          </reporter-output>
        </test-method> <!-- browser -->
        <test-method signature="screenshot()[pri:0, instance:learnnew.mavenjava._2_RestAPITest@7364985f]" started-at="2022-04-05T13:36:00 IST" name="screenshot" finished-at="2022-04-05T13:36:00 IST" duration-ms="2" status="PASS">
          <reporter-output>
          </reporter-output>
        </test-method> <!-- screenshot -->
      </class> <!-- learnnew.mavenjava._2_RestAPITest -->
      <class name="learnnew.mavenjava._1_SeleniumTest">
        <test-method signature="browser()[pri:0, instance:learnnew.mavenjava._1_SeleniumTest@62bd765]" started-at="2022-04-05T13:36:00 IST" name="browser" finished-at="2022-04-05T13:36:00 IST" duration-ms="20" status="PASS">
          <reporter-output>
          </reporter-output>
        </test-method> <!-- browser -->
        <test-method signature="screenshot()[pri:0, instance:learnnew.mavenjava._1_SeleniumTest@62bd765]" started-at="2022-04-05T13:36:00 IST" name="screenshot" finished-at="2022-04-05T13:36:00 IST" duration-ms="3" status="PASS">
          <reporter-output>
          </reporter-output>
        </test-method> <!-- screenshot -->
      </class> <!-- learnnew.mavenjava._1_SeleniumTest -->
      <class name="learnnew.mavenjava._3_AppiumTest">
        <test-method signature="browser()[pri:0, instance:learnnew.mavenjava._3_AppiumTest@5d20e46]" started-at="2022-04-05T13:36:00 IST" name="browser" finished-at="2022-04-05T13:36:00 IST" duration-ms="2" status="PASS">
          <reporter-output>
          </reporter-output>
        </test-method> <!-- browser -->
        <test-method signature="screenshot()[pri:0, instance:learnnew.mavenjava._3_AppiumTest@5d20e46]" started-at="2022-04-05T13:36:00 IST" name="screenshot" finished-at="2022-04-05T13:36:00 IST" duration-ms="1" status="PASS">
          <reporter-output>
          </reporter-output>
        </test-method> <!-- screenshot -->
      </class> <!-- learnnew.mavenjava._3_AppiumTest -->
    </test> <!-- Command line test -->
  </suite> <!-- Command line suite -->
</testng-results>
