<?xml version="1.0" encoding="UTF-8"?>
<testng-results ignored="0" total="1" passed="1" failed="0" skipped="0">
  <reporter-output>
  </reporter-output>
  <suite started-at="2022-08-03T17:27:51 IST" name="Default suite" finished-at="2022-08-03T17:27:56 IST" duration-ms="4945">
    <groups>
    </groups>
    <test started-at="2022-08-03T17:27:51 IST" name="Default test" finished-at="2022-08-03T17:27:56 IST" duration-ms="4945">
      <class name="learnnew.Extent_Report._0_intro">
        <test-method is-config="true" signature="config()[pri:0, instance:learnnew.Extent_Report._0_intro@6933b6c6]" started-at="2022-08-03T17:27:51 IST" name="config" finished-at="2022-08-03T17:27:51 IST" duration-ms="199" status="PASS">
          <reporter-output>
          </reporter-output>
        </test-method> <!-- config -->
        <test-method signature="extentrepoDemo()[pri:0, instance:learnnew.Extent_Report._0_intro@6933b6c6]" started-at="2022-08-03T17:27:51 IST" name="extentrepoDemo" finished-at="2022-08-03T17:27:56 IST" duration-ms="4709" status="PASS">
          <reporter-output>
          </reporter-output>
        </test-method> <!-- extentrepoDemo -->
      </class> <!-- learnnew.Extent_Report._0_intro -->
    </test> <!-- Default test -->
  </suite> <!-- Default suite -->
</testng-results>
