<?xml version="1.0" encoding="UTF-8"?>
<!-- Generated by org.testng.reporters.JUnitXMLReporter -->
<testsuite ignored="0" hostname="GovindMaddala" failures="1" tests="3" name="Dem" time="0.232" errors="0" timestamp="2022-04-17T10:12:11 IST">
  <testcase classname="_7_FileForListeners" name="test1" time="0.04"/>
  <testcase classname="_7_FileForListeners" name="test2" time="0.021">
    <failure type="java.lang.AssertionError" message="expected [true] but found [false]">
      <![CDATA[java.lang.AssertionError: expected [true] but found [false]
at _7_FileForListeners.test2(_7_FileForListeners.java:15)
at java.base/java.util.concurrent.ThreadPoolExecutor.runWorker(ThreadPoolExecutor.java:1136)
at java.base/java.util.concurrent.ThreadPoolExecutor$Worker.run(ThreadPoolExecutor.java:635)
at java.base/java.lang.Thread.run(Thread.java:833)
... Removed 16 stack frames]]>
    </failure>
  </testcase> <!-- test2 -->
  <testcase classname="_7_FileForListeners" name="test3" time="0.022"/>
</testsuite> <!-- Dem -->
