<?xml version="1.0" encoding="UTF-8"?>
<!-- Generated by org.testng.reporters.JUnitXMLReporter -->
<testsuite ignored="0" hostname="GovindMaddala" failures="0" tests="4" name="Test" time="0.244" errors="0" timestamp="2022-04-05T13:28:28 IST">
  <testcase classname="learnnew.mavenjava._1_SeleniumTest" name="browser" time="0.074"/>
  <testcase classname="learnnew.mavenjava._1_SeleniumTest" name="screenshot" time="0.002"/>
  <testcase classname="learnnew.mavenjava._2_RestAPITest" name="browser" time="0.001"/>
  <testcase classname="learnnew.mavenjava._2_RestAPITest" name="screenshot" time="0.003"/>
</testsuite> <!-- Test -->
