<?xml version="1.0" encoding="UTF-8"?>
<testng-results ignored="0" total="1" passed="1" failed="0" skipped="0">
  <reporter-output>
  </reporter-output>
  <suite started-at="2022-08-03T14:50:33 IST" name="Suite" finished-at="2022-08-03T14:50:35 IST" duration-ms="2318">
    <groups>
    </groups>
    <test started-at="2022-08-03T14:50:33 IST" name="Test" finished-at="2022-08-03T14:50:35 IST" duration-ms="2318">
      <class name="prac.HomePageTest">
        <test-method signature="searchFunction()[pri:0, instance:prac.HomePageTest@61df66b6]" started-at="2022-08-03T14:50:33 IST" name="searchFunction" finished-at="2022-08-03T14:50:35 IST" duration-ms="2289" status="PASS">
          <reporter-output>
          </reporter-output>
        </test-method> <!-- searchFunction -->
      </class> <!-- prac.HomePageTest -->
    </test> <!-- Test -->
  </suite> <!-- Suite -->
</testng-results>
