<?xml version="1.0" encoding="UTF-8"?>
<!-- Generated by org.testng.reporters.JUnitXMLReporter -->
<testsuite ignored="0" hostname="GovindMaddala" failures="0" tests="6" name="Command line test" time="0.223" errors="0" timestamp="2022-04-05T13:36:00 IST">
  <testcase classname="learnnew.mavenjava._1_SeleniumTest" name="browser" time="0.02"/>
  <testcase classname="learnnew.mavenjava._1_SeleniumTest" name="screenshot" time="0.003"/>
  <testcase classname="learnnew.mavenjava._2_RestAPITest" name="browser" time="0.002"/>
  <testcase classname="learnnew.mavenjava._2_RestAPITest" name="screenshot" time="0.002"/>
  <testcase classname="learnnew.mavenjava._3_AppiumTest" name="browser" time="0.002"/>
  <testcase classname="learnnew.mavenjava._3_AppiumTest" name="screenshot" time="0.001"/>
</testsuite> <!-- Command line test -->
