<?xml version="1.0" encoding="UTF-8"?>
<!-- Generated by org.testng.reporters.JUnitXMLReporter -->
<testsuite ignored="0" hostname="GovindMaddala" failures="0" tests="4" name="Demo" time="0.22" errors="0" timestamp="2022-04-01T13:42:32 IST">
  <testcase classname="_1_Basic" name="testcase1" time="0.035"/>
  <testcase classname="_1_Basic" name="testcase2" time="0.007"/>
  <testcase classname="_2_Basics" name="testCase3" time="0.008"/>
  <testcase classname="_2_Basics" name="testCase4" time="0.004"/>
</testsuite> <!-- Demo -->
