<?xml version="1.0" encoding="UTF-8"?>
<!-- Generated by org.testng.reporters.JUnitXMLReporter -->
<testsuite ignored="0" hostname="LAPTOP-KA4DGM33" failures="0" tests="3" name="Default test" time="0.099" errors="0" timestamp="2022-09-24T19:27:17 IST">
  <testcase classname="TrialPackage.Folder_1" name="classA" time="0.013"/>
  <testcase classname="TrialPackage.Folder_1" name="classA" time="0.003"/>
  <testcase classname="TrialPackage.Folder_1" name="classA" time="0.002"/>
</testsuite> <!-- Default test -->
