<?xml version="1.0" encoding="UTF-8"?>
<testng-results ignored="0" total="6" passed="6" failed="0" skipped="0">
  <reporter-output>
  </reporter-output>
  <suite started-at="2022-04-10T11:12:34 IST" name="Suite" finished-at="2022-04-10T11:12:34 IST" duration-ms="204">
    <groups>
    </groups>
    <test started-at="2022-04-10T11:12:34 IST" name="Test" finished-at="2022-04-10T11:12:34 IST" duration-ms="204">
      <class name="learnnew.mavenjava._2_RestAPITest">
        <test-method signature="browser()[pri:0, instance:learnnew.mavenjava._2_RestAPITest@59fd97a8]" started-at="2022-04-10T11:12:34 IST" name="browser" finished-at="2022-04-10T11:12:34 IST" duration-ms="3" status="PASS">
          <reporter-output>
          </reporter-output>
        </test-method> <!-- browser -->
        <test-method signature="screenshot()[pri:0, instance:learnnew.mavenjava._2_RestAPITest@59fd97a8]" started-at="2022-04-10T11:12:34 IST" name="screenshot" finished-at="2022-04-10T11:12:34 IST" duration-ms="2" status="PASS">
          <reporter-output>
          </reporter-output>
        </test-method> <!-- screenshot -->
      </class> <!-- learnnew.mavenjava._2_RestAPITest -->
      <class name="learnnew.mavenjava._1_SeleniumTest">
        <test-method signature="browser()[pri:0, instance:learnnew.mavenjava._1_SeleniumTest@20deea7f]" started-at="2022-04-10T11:12:34 IST" name="browser" finished-at="2022-04-10T11:12:34 IST" duration-ms="27" status="PASS">
          <reporter-output>
          </reporter-output>
        </test-method> <!-- browser -->
        <test-method signature="screenshot()[pri:0, instance:learnnew.mavenjava._1_SeleniumTest@20deea7f]" started-at="2022-04-10T11:12:34 IST" name="screenshot" finished-at="2022-04-10T11:12:34 IST" duration-ms="6" status="PASS">
          <reporter-output>
          </reporter-output>
        </test-method> <!-- screenshot -->
      </class> <!-- learnnew.mavenjava._1_SeleniumTest -->
      <class name="learnnew.mavenjava._3_AppiumTest">
        <test-method signature="browser()[pri:0, instance:learnnew.mavenjava._3_AppiumTest@f5ac9e4]" started-at="2022-04-10T11:12:34 IST" name="browser" finished-at="2022-04-10T11:12:34 IST" duration-ms="3" status="PASS">
          <reporter-output>
          </reporter-output>
        </test-method> <!-- browser -->
        <test-method signature="screenshot()[pri:0, instance:learnnew.mavenjava._3_AppiumTest@f5ac9e4]" started-at="2022-04-10T11:12:34 IST" name="screenshot" finished-at="2022-04-10T11:12:34 IST" duration-ms="3" status="PASS">
          <reporter-output>
          </reporter-output>
        </test-method> <!-- screenshot -->
      </class> <!-- learnnew.mavenjava._3_AppiumTest -->
    </test> <!-- Test -->
  </suite> <!-- Suite -->
</testng-results>
