<?xml version="1.0" encoding="UTF-8"?>
<testng-results ignored="0" total="1" passed="1" failed="0" skipped="0">
  <reporter-output>
  </reporter-output>
  <suite started-at="2022-11-20T09:25:43 IST" name="Default suite" finished-at="2022-11-20T09:25:43 IST" duration-ms="403">
    <groups>
    </groups>
    <test started-at="2022-11-20T09:25:43 IST" name="Default test" finished-at="2022-11-20T09:25:43 IST" duration-ms="403">
      <class name="Issues.Issue">
        <test-method signature="addComment()[pri:2, instance:Issues.Issue@62b93086]" started-at="2022-11-20T09:25:43 IST" name="addComment" finished-at="2022-11-20T09:25:43 IST" duration-ms="349" status="PASS">
          <reporter-output>
          </reporter-output>
        </test-method> <!-- addComment -->
      </class> <!-- Issues.Issue -->
    </test> <!-- Default test -->
  </suite> <!-- Default suite -->
</testng-results>
