<?xml version="1.0" encoding="UTF-8"?>
<testng-results ignored="0" total="2" passed="2" failed="0" skipped="0">
  <reporter-output>
  </reporter-output>
  <suite started-at="2022-05-18T14:33:32 IST" name="Default suite" finished-at="2022-05-18T14:34:11 IST" duration-ms="39467">
    <groups>
    </groups>
    <test started-at="2022-05-18T14:33:32 IST" name="Default test" finished-at="2022-05-18T14:34:11 IST" duration-ms="39467">
      <class name="IndexPageTest">
        <test-method is-config="true" signature="webSetUp()[pri:0, instance:IndexPageTest@4c371370]" started-at="2022-05-18T14:33:32 IST" name="webSetUp" finished-at="2022-05-18T14:34:06 IST" duration-ms="34463" status="PASS">
          <reporter-output>
          </reporter-output>
        </test-method> <!-- webSetUp -->
        <test-method signature="imgValidate()[pri:0, instance:IndexPageTest@4c371370]" started-at="2022-05-18T14:34:07 IST" name="imgValidate" finished-at="2022-05-18T14:34:07 IST" duration-ms="721" status="PASS">
          <reporter-output>
          </reporter-output>
        </test-method> <!-- imgValidate -->
        <test-method signature="searchItem()[pri:0, instance:IndexPageTest@4c371370]" started-at="2022-05-18T14:34:07 IST" name="searchItem" finished-at="2022-05-18T14:34:10 IST" duration-ms="3136" status="PASS">
          <reporter-output>
          </reporter-output>
        </test-method> <!-- searchItem -->
        <test-method is-config="true" signature="tearDown()[pri:0, instance:IndexPageTest@4c371370]" started-at="2022-05-18T14:34:10 IST" name="tearDown" finished-at="2022-05-18T14:34:11 IST" duration-ms="757" status="PASS">
          <reporter-output>
          </reporter-output>
        </test-method> <!-- tearDown -->
      </class> <!-- IndexPageTest -->
    </test> <!-- Default test -->
  </suite> <!-- Default suite -->
</testng-results>
