<?xml version="1.0" encoding="UTF-8"?>
<!-- Generated by org.testng.reporters.JUnitXMLReporter -->
<testsuite ignored="0" hostname="GovindMaddala" failures="1" tests="1" name="TestFail" time="1152.941" errors="0" timestamp="2022-04-21T10:43:08 IST">
  <testcase classname="LearnNew.E2Eproj.FailureTest" name="click" time="14.415">
    <failure type="java.lang.AssertionError" message="expected [FEATURED COURS] but found [FEATURED COURSES]">
      <![CDATA[java.lang.AssertionError: expected [FEATURED COURS] but found [FEATURED COURSES]
at LearnNew.E2Eproj.FailureTest.click(FailureTest.java:43)
at java.base/java.util.ArrayList.forEach(ArrayList.java:1511)
at java.base/java.util.concurrent.FutureTask.run(FutureTask.java:264)
at java.base/java.util.concurrent.ThreadPoolExecutor.runWorker(ThreadPoolExecutor.java:1136)
at java.base/java.util.concurrent.ThreadPoolExecutor$Worker.run(ThreadPoolExecutor.java:635)
at java.base/java.lang.Thread.run(Thread.java:833)
... Removed 24 stack frames]]>
    </failure>
  </testcase> <!-- click -->
</testsuite> <!-- TestFail -->
