<?xml version="1.0" encoding="UTF-8"?>
<!-- Generated by org.testng.reporters.JUnitXMLReporter -->
<testsuite ignored="0" hostname="GovindMaddala" failures="0" tests="4" name="Test" time="168.322" errors="0" timestamp="2022-04-16T15:09:17 IST">
  <testcase classname="LearnNew.E2Eproj.HomePageInheritence" name="homePage" time="3.255"/>
  <testcase classname="LearnNew.E2Eproj.HomePageInheritence" name="homePage" time="2.812"/>
  <testcase classname="LearnNew.E2Eproj.ValidatingObjects" name="homePage" time="1.063"/>
  <testcase classname="LearnNew.E2Eproj.HomePageClassObj" name="homePage" time="7.033"/>
</testsuite> <!-- Test -->
