<?xml version="1.0" encoding="UTF-8"?>
<!-- Generated by org.testng.reporters.JUnitXMLReporter -->
<testsuite ignored="0" hostname="GovindMaddala" failures="0" tests="5" name="Demo" time="0.244" errors="0" timestamp="2022-04-17T10:08:53 IST">
  <testcase classname="newPackage.Test1" name="abc" time="0.026"/>
  <testcase classname="newPackage.Test1" name="bcd" time="0.004"/>
  <testcase classname="newPackage.Test1" name="cde" time="0.018"/>
  <testcase classname="newPackage.Test1" name="def" time="0.006"/>
  <testcase classname="newPackage.Test1" name="efg" time="0.006"/>
</testsuite> <!-- Demo -->
