<?xml version="1.0" encoding="UTF-8"?>
<!-- Generated by org.testng.reporters.JUnitXMLReporter -->
<testsuite ignored="6" hostname="GovindMaddala" failures="0" tests="4" name="groups related like smoke or regression" time="0.188" errors="0" timestamp="2022-04-04T15:59:18 IST">
  <testcase classname="_3" name="A3" time="0.034"/>
  <testcase classname="_3" name="I3" time="0.005"/>
  <testcase classname="_3" name="U3" time="0.01"/>
  <testcase classname="_4" name="e4" time="0.004"/>
  <testcase classname="_4" name="a4" time="0.0">
    <ignored/>
  </testcase> <!-- a4 -->
  <testcase classname="_3" name="E3" time="0.0">
    <ignored/>
  </testcase> <!-- E3 -->
  <testcase classname="_4" name="u4" time="0.0">
    <ignored/>
  </testcase> <!-- u4 -->
  <testcase classname="_4" name="i4" time="0.0">
    <ignored/>
  </testcase> <!-- i4 -->
  <testcase classname="_3" name="O3" time="0.0">
    <ignored/>
  </testcase> <!-- O3 -->
  <testcase classname="_4" name="o4" time="0.0">
    <ignored/>
  </testcase> <!-- o4 -->
</testsuite> <!-- groups related like smoke or regression -->
