<?xml version="1.0" encoding="UTF-8"?>
<!-- Generated by org.testng.reporters.JUnitXMLReporter -->
<testsuite ignored="0" hostname="GovindMaddala" failures="0" tests="4" name="parameterising" time="0.104" errors="0" timestamp="2022-04-17T10:07:45 IST">
  <testcase classname="_6_c_parameterizing" name="parameter6a" time="0.005"/>
  <testcase classname="_6_c_parameterizing" name="test6a" time="0.005"/>
  <testcase classname="_6_d_parameterizing" name="parameter6a" time="0.005"/>
  <testcase classname="_6_d_parameterizing" name="test6a" time="0.014"/>
</testsuite> <!-- parameterising -->
