<?xml version="1.0" encoding="UTF-8"?>
<!-- Generated by org.testng.reporters.JUnitXMLReporter -->
<testsuite ignored="0" hostname="GovindMaddala" failures="0" tests="4" name="parameterizing" time="0.242" errors="0" timestamp="2022-04-17T10:07:45 IST">
  <testcase classname="_6_a_parameterizing" name="suite6a" time="0.022"/>
  <testcase classname="_6_a_parameterizing" name="test6a" time="0.022"/>
  <testcase classname="_6_b_parameterizing" name="parameter6b" time="0.006"/>
  <testcase classname="_6_b_parameterizing" name="test6a" time="0.013"/>
</testsuite> <!-- parameterizing -->
